2021-04-02 15:27:50.266  INFO 9168 --- [main] com.sean.study.Application               : No active profile set, falling back to default profiles: default
2021-04-02 15:27:50.936  WARN 9168 --- [main] o.s.boot.actuate.endpoint.EndpointId     : Endpoint ID 'service-registry' contains invalid characters, please migrate to a valid format.
2021-04-02 15:27:51.051  INFO 9168 --- [main] o.s.cloud.context.scope.GenericScope     : BeanFactory id=faf7753d-7231-38cf-a628-db0eaeade1c1
2021-04-02 15:27:51.436  INFO 9168 --- [main] o.s.b.w.embedded.tomcat.TomcatWebServer  : Tomcat initialized with port(s): 1111 (http)
2021-04-02 15:27:51.446  INFO 9168 --- [main] o.apache.catalina.core.StandardService   : Starting service [Tomcat]
2021-04-02 15:27:51.447  INFO 9168 --- [main] org.apache.catalina.core.StandardEngine  : Starting Servlet engine: [Apache Tomcat/9.0.29]
2021-04-02 15:27:51.650  INFO 9168 --- [main] o.a.c.c.C.[Tomcat].[localhost].[/]       : Initializing Spring embedded WebApplicationContext
2021-04-02 15:27:51.650  INFO 9168 --- [main] o.s.web.context.ContextLoader            : Root WebApplicationContext: initialization completed in 1370 ms
2021-04-02 15:27:51.713  WARN 9168 --- [main] c.n.c.sources.URLConfigurationSource     : No URLs will be polled as dynamic configuration sources.
2021-04-02 15:27:51.713  INFO 9168 --- [main] c.n.c.sources.URLConfigurationSource     : To enable URLs as dynamic configuration sources, define System property archaius.configurationSource.additionalUrls or make config.properties available on classpath.
2021-04-02 15:27:51.740  INFO 9168 --- [main] c.netflix.config.DynamicPropertyFactory  : DynamicPropertyFactory is initialized with configuration sources: com.netflix.config.ConcurrentCompositeConfiguration@444cc791
2021-04-02 15:27:52.843  INFO 9168 --- [main] c.s.j.s.i.a.WebApplicationImpl           : Initiating Jersey application, version 'Jersey: 1.19.1 03/11/2016 02:08 PM'
2021-04-02 15:27:52.984  INFO 9168 --- [main] c.n.d.provider.DiscoveryJerseyProvider   : Using JSON encoding codec LegacyJacksonJson
2021-04-02 15:27:52.985  INFO 9168 --- [main] c.n.d.provider.DiscoveryJerseyProvider   : Using JSON decoding codec LegacyJacksonJson
2021-04-02 15:27:53.131  INFO 9168 --- [main] c.n.d.provider.DiscoveryJerseyProvider   : Using XML encoding codec XStreamXml
2021-04-02 15:27:53.131  INFO 9168 --- [main] c.n.d.provider.DiscoveryJerseyProvider   : Using XML decoding codec XStreamXml
2021-04-02 15:27:53.431  WARN 9168 --- [main] c.n.c.sources.URLConfigurationSource     : No URLs will be polled as dynamic configuration sources.
2021-04-02 15:27:53.431  INFO 9168 --- [main] c.n.c.sources.URLConfigurationSource     : To enable URLs as dynamic configuration sources, define System property archaius.configurationSource.additionalUrls or make config.properties available on classpath.
2021-04-02 15:27:53.554  INFO 9168 --- [main] o.s.s.concurrent.ThreadPoolTaskExecutor  : Initializing ExecutorService 'applicationTaskExecutor'
2021-04-02 15:27:55.352  WARN 9168 --- [main] ockingLoadBalancerClientRibbonWarnLogger : You already have RibbonLoadBalancerClient on your classpath. It will be used by default. As Spring Cloud Ribbon is in maintenance mode. We recommend switching to BlockingLoadBalancerClient instead. In order to use it, set the value of `spring.cloud.loadbalancer.ribbon.enabled` to `false` or remove spring-cloud-starter-netflix-ribbon from your project.
2021-04-02 15:27:55.392  INFO 9168 --- [main] o.s.c.n.eureka.InstanceInfoFactory       : Setting initial instance status as: STARTING
2021-04-02 15:27:55.450  INFO 9168 --- [main] com.netflix.discovery.DiscoveryClient    : Initializing Eureka in region us-east-1
2021-04-02 15:27:55.450  INFO 9168 --- [main] com.netflix.discovery.DiscoveryClient    : Client configured to neither register nor query for data.
2021-04-02 15:27:55.462  INFO 9168 --- [main] com.netflix.discovery.DiscoveryClient    : Discovery Client initialized at timestamp 1617348475460 with initial instances count: 0
2021-04-02 15:27:55.499  INFO 9168 --- [main] c.n.eureka.DefaultEurekaServerContext    : Initializing ...
2021-04-02 15:27:55.502  WARN 9168 --- [main] c.n.eureka.cluster.PeerEurekaNodes       : The replica size seems to be empty. Check the route 53 DNS Registry
2021-04-02 15:27:55.519  INFO 9168 --- [main] c.n.e.registry.AbstractInstanceRegistry  : Finished initializing remote region registries. All known remote regions: []
2021-04-02 15:27:55.520  INFO 9168 --- [main] c.n.eureka.DefaultEurekaServerContext    : Initialized
2021-04-02 15:27:55.542  WARN 9168 --- [main] arterDeprecationWarningAutoConfiguration : spring-cloud-starter-eureka-server is deprecated as of Spring Cloud Netflix 1.4.0, please migrate to spring-cloud-starter-netflix-eureka-server
2021-04-02 15:27:55.545  INFO 9168 --- [main] o.s.b.a.e.web.EndpointLinksResolver      : Exposing 2 endpoint(s) beneath base path '/actuator'
2021-04-02 15:27:55.611  INFO 9168 --- [main] o.s.c.n.e.s.EurekaServiceRegistry        : Registering application EUREKA-SERVER with eureka with status UP
2021-04-02 15:27:55.614  INFO 9168 --- [Thread-20] o.s.c.n.e.server.EurekaServerBootstrap   : Setting the eureka configuration..
2021-04-02 15:27:55.614  INFO 9168 --- [Thread-20] o.s.c.n.e.server.EurekaServerBootstrap   : Eureka data center value eureka.datacenter is not set, defaulting to default
2021-04-02 15:27:55.615  INFO 9168 --- [Thread-20] o.s.c.n.e.server.EurekaServerBootstrap   : Eureka environment value eureka.environment is not set, defaulting to test
2021-04-02 15:27:55.637  INFO 9168 --- [Thread-20] o.s.c.n.e.server.EurekaServerBootstrap   : isAws returned false
2021-04-02 15:27:55.638  INFO 9168 --- [Thread-20] o.s.c.n.e.server.EurekaServerBootstrap   : Initialized server context
2021-04-02 15:27:55.638  INFO 9168 --- [Thread-20] c.n.e.r.PeerAwareInstanceRegistryImpl    : Got 1 instances from neighboring DS node
2021-04-02 15:27:55.638  INFO 9168 --- [Thread-20] c.n.e.r.PeerAwareInstanceRegistryImpl    : Renew threshold is: 1
2021-04-02 15:27:55.638  INFO 9168 --- [Thread-20] c.n.e.r.PeerAwareInstanceRegistryImpl    : Changing status to UP
2021-04-02 15:27:55.648  INFO 9168 --- [Thread-20] e.s.EurekaServerInitializerConfiguration : Started Eureka Server
2021-04-02 15:27:55.664  INFO 9168 --- [main] o.s.b.w.embedded.tomcat.TomcatWebServer  : Tomcat started on port(s): 1111 (http) with context path ''
2021-04-02 15:27:55.665  INFO 9168 --- [main] .s.c.n.e.s.EurekaAutoServiceRegistration : Updating port to 1111
2021-04-02 15:27:56.250  INFO 9168 --- [main] com.sean.study.Application               : Started Application in 7.869 seconds (JVM running for 10.387)
2021-04-02 15:27:56.961  INFO 9168 --- [RMI TCP Connection(2)-10.85.9.9] o.a.c.c.C.[Tomcat].[localhost].[/]       : Initializing Spring DispatcherServlet 'dispatcherServlet'
2021-04-02 15:27:56.961  INFO 9168 --- [RMI TCP Connection(2)-10.85.9.9] o.s.web.servlet.DispatcherServlet        : Initializing Servlet 'dispatcherServlet'
2021-04-02 15:27:56.967  INFO 9168 --- [RMI TCP Connection(2)-10.85.9.9] o.s.web.servlet.DispatcherServlet        : Completed initialization in 6 ms
2021-04-02 16:09:35.418  INFO 20076 --- [main] com.sean.study.Application               : No active profile set, falling back to default profiles: default
2021-04-02 16:09:36.117  WARN 20076 --- [main] o.s.boot.actuate.endpoint.EndpointId     : Endpoint ID 'service-registry' contains invalid characters, please migrate to a valid format.
2021-04-02 16:09:36.221  INFO 20076 --- [main] o.s.cloud.context.scope.GenericScope     : BeanFactory id=faf7753d-7231-38cf-a628-db0eaeade1c1
2021-04-02 16:09:36.551  INFO 20076 --- [main] o.s.b.w.embedded.tomcat.TomcatWebServer  : Tomcat initialized with port(s): 1111 (http)
2021-04-02 16:09:36.559  INFO 20076 --- [main] o.apache.catalina.core.StandardService   : Starting service [Tomcat]
2021-04-02 16:09:36.559  INFO 20076 --- [main] org.apache.catalina.core.StandardEngine  : Starting Servlet engine: [Apache Tomcat/9.0.29]
2021-04-02 16:09:36.730  INFO 20076 --- [main] o.a.c.c.C.[Tomcat].[localhost].[/]       : Initializing Spring embedded WebApplicationContext
2021-04-02 16:09:36.731  INFO 20076 --- [main] o.s.web.context.ContextLoader            : Root WebApplicationContext: initialization completed in 1299 ms
2021-04-02 16:09:36.798  WARN 20076 --- [main] c.n.c.sources.URLConfigurationSource     : No URLs will be polled as dynamic configuration sources.
2021-04-02 16:09:36.798  INFO 20076 --- [main] c.n.c.sources.URLConfigurationSource     : To enable URLs as dynamic configuration sources, define System property archaius.configurationSource.additionalUrls or make config.properties available on classpath.
2021-04-02 16:09:36.808  INFO 20076 --- [main] c.netflix.config.DynamicPropertyFactory  : DynamicPropertyFactory is initialized with configuration sources: com.netflix.config.ConcurrentCompositeConfiguration@5c73f672
2021-04-02 16:09:37.900  INFO 20076 --- [main] c.s.j.s.i.a.WebApplicationImpl           : Initiating Jersey application, version 'Jersey: 1.19.1 03/11/2016 02:08 PM'
2021-04-02 16:09:38.030  INFO 20076 --- [main] c.n.d.provider.DiscoveryJerseyProvider   : Using JSON encoding codec LegacyJacksonJson
2021-04-02 16:09:38.032  INFO 20076 --- [main] c.n.d.provider.DiscoveryJerseyProvider   : Using JSON decoding codec LegacyJacksonJson
2021-04-02 16:09:38.128  INFO 20076 --- [main] c.n.d.provider.DiscoveryJerseyProvider   : Using XML encoding codec XStreamXml
2021-04-02 16:09:38.128  INFO 20076 --- [main] c.n.d.provider.DiscoveryJerseyProvider   : Using XML decoding codec XStreamXml
2021-04-02 16:09:38.393  WARN 20076 --- [main] c.n.c.sources.URLConfigurationSource     : No URLs will be polled as dynamic configuration sources.
2021-04-02 16:09:38.393  INFO 20076 --- [main] c.n.c.sources.URLConfigurationSource     : To enable URLs as dynamic configuration sources, define System property archaius.configurationSource.additionalUrls or make config.properties available on classpath.
2021-04-02 16:09:38.513  INFO 20076 --- [main] o.s.s.concurrent.ThreadPoolTaskExecutor  : Initializing ExecutorService 'applicationTaskExecutor'
2021-04-02 16:09:39.989  WARN 20076 --- [main] ockingLoadBalancerClientRibbonWarnLogger : You already have RibbonLoadBalancerClient on your classpath. It will be used by default. As Spring Cloud Ribbon is in maintenance mode. We recommend switching to BlockingLoadBalancerClient instead. In order to use it, set the value of `spring.cloud.loadbalancer.ribbon.enabled` to `false` or remove spring-cloud-starter-netflix-ribbon from your project.
2021-04-02 16:09:40.028  INFO 20076 --- [main] o.s.c.n.eureka.InstanceInfoFactory       : Setting initial instance status as: STARTING
2021-04-02 16:09:40.056  INFO 20076 --- [main] com.netflix.discovery.DiscoveryClient    : Initializing Eureka in region us-east-1
2021-04-02 16:09:40.056  INFO 20076 --- [main] com.netflix.discovery.DiscoveryClient    : Client configured to neither register nor query for data.
2021-04-02 16:09:40.062  INFO 20076 --- [main] com.netflix.discovery.DiscoveryClient    : Discovery Client initialized at timestamp 1617350980061 with initial instances count: 0
2021-04-02 16:09:40.094  INFO 20076 --- [main] c.n.eureka.DefaultEurekaServerContext    : Initializing ...
2021-04-02 16:09:40.095  WARN 20076 --- [main] c.n.eureka.cluster.PeerEurekaNodes       : The replica size seems to be empty. Check the route 53 DNS Registry
2021-04-02 16:09:40.112  INFO 20076 --- [main] c.n.e.registry.AbstractInstanceRegistry  : Finished initializing remote region registries. All known remote regions: []
2021-04-02 16:09:40.113  INFO 20076 --- [main] c.n.eureka.DefaultEurekaServerContext    : Initialized
2021-04-02 16:09:40.122  WARN 20076 --- [main] arterDeprecationWarningAutoConfiguration : spring-cloud-starter-eureka-server is deprecated as of Spring Cloud Netflix 1.4.0, please migrate to spring-cloud-starter-netflix-eureka-server
2021-04-02 16:09:40.126  INFO 20076 --- [main] o.s.b.a.e.web.EndpointLinksResolver      : Exposing 2 endpoint(s) beneath base path '/actuator'
2021-04-02 16:09:40.187  INFO 20076 --- [main] o.s.c.n.e.s.EurekaServiceRegistry        : Registering application EUREKA-SERVER with eureka with status UP
2021-04-02 16:09:40.189  INFO 20076 --- [Thread-24] o.s.c.n.e.server.EurekaServerBootstrap   : Setting the eureka configuration..
2021-04-02 16:09:40.190  INFO 20076 --- [Thread-24] o.s.c.n.e.server.EurekaServerBootstrap   : Eureka data center value eureka.datacenter is not set, defaulting to default
2021-04-02 16:09:40.190  INFO 20076 --- [Thread-24] o.s.c.n.e.server.EurekaServerBootstrap   : Eureka environment value eureka.environment is not set, defaulting to test
2021-04-02 16:09:40.213  INFO 20076 --- [Thread-24] o.s.c.n.e.server.EurekaServerBootstrap   : isAws returned false
2021-04-02 16:09:40.214  INFO 20076 --- [Thread-24] o.s.c.n.e.server.EurekaServerBootstrap   : Initialized server context
2021-04-02 16:09:40.214  INFO 20076 --- [Thread-24] c.n.e.r.PeerAwareInstanceRegistryImpl    : Got 1 instances from neighboring DS node
2021-04-02 16:09:40.214  INFO 20076 --- [Thread-24] c.n.e.r.PeerAwareInstanceRegistryImpl    : Renew threshold is: 1
2021-04-02 16:09:40.214  INFO 20076 --- [Thread-24] c.n.e.r.PeerAwareInstanceRegistryImpl    : Changing status to UP
2021-04-02 16:09:40.223  INFO 20076 --- [Thread-24] e.s.EurekaServerInitializerConfiguration : Started Eureka Server
2021-04-02 16:09:40.238  INFO 20076 --- [main] o.s.b.w.embedded.tomcat.TomcatWebServer  : Tomcat started on port(s): 1111 (http) with context path ''
2021-04-02 16:09:40.239  INFO 20076 --- [main] .s.c.n.e.s.EurekaAutoServiceRegistration : Updating port to 1111
2021-04-02 16:09:40.830  INFO 20076 --- [main] com.sean.study.Application               : Started Application in 7.603 seconds (JVM running for 8.949)
2021-04-02 16:09:41.310  INFO 20076 --- [RMI TCP Connection(2)-10.85.9.9] o.a.c.c.C.[Tomcat].[localhost].[/]       : Initializing Spring DispatcherServlet 'dispatcherServlet'
2021-04-02 16:09:41.310  INFO 20076 --- [RMI TCP Connection(2)-10.85.9.9] o.s.web.servlet.DispatcherServlet        : Initializing Servlet 'dispatcherServlet'
2021-04-02 16:09:41.316  INFO 20076 --- [RMI TCP Connection(2)-10.85.9.9] o.s.web.servlet.DispatcherServlet        : Completed initialization in 6 ms
2021-04-02 16:10:40.227  INFO 20076 --- [Eureka-EvictionTimer] c.n.e.registry.AbstractInstanceRegistry  : Running the evict task with compensationTime 0ms
2021-04-02 16:11:17.260  INFO 20076 --- [http-nio-1111-exec-2] c.n.e.registry.AbstractInstanceRegistry  : Registered instance HELLO-SERVICE/windows10.microdone.cn:hello-service with status UP (replication=false)
2021-04-02 16:11:40.236  INFO 20076 --- [Eureka-EvictionTimer] c.n.e.registry.AbstractInstanceRegistry  : Running the evict task with compensationTime 8ms
2021-04-02 16:12:40.239  INFO 20076 --- [Eureka-EvictionTimer] c.n.e.registry.AbstractInstanceRegistry  : Running the evict task with compensationTime 2ms
2021-04-02 16:13:40.241  INFO 20076 --- [Eureka-EvictionTimer] c.n.e.registry.AbstractInstanceRegistry  : Running the evict task with compensationTime 1ms
2021-04-02 16:14:15.354  INFO 20076 --- [http-nio-1111-exec-3] c.n.e.registry.AbstractInstanceRegistry  : Registered instance HELLO-SERVICE/windows10.microdone.cn:hello-service with status UP (replication=false)
2021-04-02 16:14:40.251  INFO 20076 --- [Eureka-EvictionTimer] c.n.e.registry.AbstractInstanceRegistry  : Running the evict task with compensationTime 10ms
2021-04-02 16:15:40.256  INFO 20076 --- [Eureka-EvictionTimer] c.n.e.registry.AbstractInstanceRegistry  : Running the evict task with compensationTime 5ms
2021-04-02 16:16:02.418  INFO 20076 --- [http-nio-1111-exec-6] c.n.e.registry.AbstractInstanceRegistry  : Registered instance HELLO-SERVICE/windows10.microdone.cn:hello-service with status DOWN (replication=false)
2021-04-02 16:16:02.433  INFO 20076 --- [http-nio-1111-exec-8] c.n.e.registry.AbstractInstanceRegistry  : Cancelled instance HELLO-SERVICE/windows10.microdone.cn:hello-service (replication=false)
2021-04-02 16:16:18.984  INFO 20076 --- [http-nio-1111-exec-10] c.n.e.registry.AbstractInstanceRegistry  : Registered instance HELLO-SERVICE/windows10.microdone.cn:hello-service with status UP (replication=false)
2021-04-02 16:16:40.263  INFO 20076 --- [Eureka-EvictionTimer] c.n.e.registry.AbstractInstanceRegistry  : Running the evict task with compensationTime 7ms
2021-04-02 16:17:40.269  INFO 20076 --- [Eureka-EvictionTimer] c.n.e.registry.AbstractInstanceRegistry  : Running the evict task with compensationTime 5ms
2021-04-02 16:18:38.880  INFO 20076 --- [http-nio-1111-exec-1] c.n.e.registry.AbstractInstanceRegistry  : Registered instance HELLO-SERVICE/windows10.microdone.cn:hello-service with status DOWN (replication=false)
2021-04-02 16:18:38.895  INFO 20076 --- [http-nio-1111-exec-10] c.n.e.registry.AbstractInstanceRegistry  : Cancelled instance HELLO-SERVICE/windows10.microdone.cn:hello-service (replication=false)
2021-04-02 16:18:40.281  INFO 20076 --- [Eureka-EvictionTimer] c.n.e.registry.AbstractInstanceRegistry  : Running the evict task with compensationTime 12ms
2021-04-02 16:18:55.007  INFO 20076 --- [http-nio-1111-exec-4] c.n.e.registry.AbstractInstanceRegistry  : Registered instance HELLO-SERVICE/windows10.microdone.cn:hello-service with status UP (replication=false)
2021-04-02 16:19:40.099  WARN 20076 --- [Eureka-PeerNodesUpdater] c.n.eureka.cluster.PeerEurekaNodes       : The replica size seems to be empty. Check the route 53 DNS Registry
2021-04-02 16:19:40.284  INFO 20076 --- [Eureka-EvictionTimer] c.n.e.registry.AbstractInstanceRegistry  : Running the evict task with compensationTime 2ms
2021-04-02 16:20:40.291  INFO 20076 --- [Eureka-EvictionTimer] c.n.e.registry.AbstractInstanceRegistry  : Running the evict task with compensationTime 6ms
2021-04-02 16:21:40.304  INFO 20076 --- [Eureka-EvictionTimer] c.n.e.registry.AbstractInstanceRegistry  : Running the evict task with compensationTime 13ms
2021-04-02 16:22:08.980  INFO 20076 --- [http-nio-1111-exec-8] c.n.e.registry.AbstractInstanceRegistry  : Registered instance HELLO-SERVICE/windows10.microdone.cn:hello-service with status DOWN (replication=false)
2021-04-02 16:22:09.006  INFO 20076 --- [http-nio-1111-exec-6] c.n.e.registry.AbstractInstanceRegistry  : Cancelled instance HELLO-SERVICE/windows10.microdone.cn:hello-service (replication=false)
2021-04-02 16:22:24.546  INFO 20076 --- [http-nio-1111-exec-1] c.n.e.registry.AbstractInstanceRegistry  : Registered instance HELLO-SERVICE/windows10.microdone.cn:hello-service with status UP (replication=false)
2021-04-02 16:22:40.318  INFO 20076 --- [Eureka-EvictionTimer] c.n.e.registry.AbstractInstanceRegistry  : Running the evict task with compensationTime 14ms
2021-04-02 16:23:40.321  INFO 20076 --- [Eureka-EvictionTimer] c.n.e.registry.AbstractInstanceRegistry  : Running the evict task with compensationTime 2ms
2021-04-02 16:24:40.111  INFO 20076 --- [ReplicaAwareInstanceRegistry - RenewalThresholdUpdater] c.n.e.r.PeerAwareInstanceRegistryImpl    : Current renewal threshold is : 3
2021-04-02 16:24:40.330  INFO 20076 --- [Eureka-EvictionTimer] c.n.e.registry.AbstractInstanceRegistry  : Running the evict task with compensationTime 9ms
2021-04-02 16:25:40.335  INFO 20076 --- [Eureka-EvictionTimer] c.n.e.registry.AbstractInstanceRegistry  : Running the evict task with compensationTime 5ms
2021-04-02 16:26:40.346  INFO 20076 --- [Eureka-EvictionTimer] c.n.e.registry.AbstractInstanceRegistry  : Running the evict task with compensationTime 10ms
2021-04-02 16:27:40.358  INFO 20076 --- [Eureka-EvictionTimer] c.n.e.registry.AbstractInstanceRegistry  : Running the evict task with compensationTime 12ms
2021-04-02 16:28:40.364  INFO 20076 --- [Eureka-EvictionTimer] c.n.e.registry.AbstractInstanceRegistry  : Running the evict task with compensationTime 5ms
2021-04-02 16:29:40.102  WARN 20076 --- [Eureka-PeerNodesUpdater] c.n.eureka.cluster.PeerEurekaNodes       : The replica size seems to be empty. Check the route 53 DNS Registry
2021-04-02 16:29:40.367  INFO 20076 --- [Eureka-EvictionTimer] c.n.e.registry.AbstractInstanceRegistry  : Running the evict task with compensationTime 3ms
2021-04-02 16:30:40.376  INFO 20076 --- [Eureka-EvictionTimer] c.n.e.registry.AbstractInstanceRegistry  : Running the evict task with compensationTime 8ms
2021-04-02 16:31:40.383  INFO 20076 --- [Eureka-EvictionTimer] c.n.e.registry.AbstractInstanceRegistry  : Running the evict task with compensationTime 7ms
2021-04-02 16:32:40.391  INFO 20076 --- [Eureka-EvictionTimer] c.n.e.registry.AbstractInstanceRegistry  : Running the evict task with compensationTime 8ms
2021-04-02 16:33:40.399  INFO 20076 --- [Eureka-EvictionTimer] c.n.e.registry.AbstractInstanceRegistry  : Running the evict task with compensationTime 7ms
2021-04-02 16:34:40.408  INFO 20076 --- [Eureka-EvictionTimer] c.n.e.registry.AbstractInstanceRegistry  : Running the evict task with compensationTime 3ms
2021-04-02 16:35:40.420  INFO 20076 --- [Eureka-EvictionTimer] c.n.e.registry.AbstractInstanceRegistry  : Running the evict task with compensationTime 17ms
2021-04-02 16:36:40.434  INFO 20076 --- [Eureka-EvictionTimer] c.n.e.registry.AbstractInstanceRegistry  : Running the evict task with compensationTime 14ms
2021-04-02 16:37:40.441  INFO 20076 --- [Eureka-EvictionTimer] c.n.e.registry.AbstractInstanceRegistry  : Running the evict task with compensationTime 6ms
2021-04-02 16:38:40.456  INFO 20076 --- [Eureka-EvictionTimer] c.n.e.registry.AbstractInstanceRegistry  : Running the evict task with compensationTime 14ms
2021-04-02 16:39:40.114  INFO 20076 --- [ReplicaAwareInstanceRegistry - RenewalThresholdUpdater] c.n.e.r.PeerAwareInstanceRegistryImpl    : Current renewal threshold is : 3
2021-04-02 16:39:40.114  WARN 20076 --- [Eureka-PeerNodesUpdater] c.n.eureka.cluster.PeerEurekaNodes       : The replica size seems to be empty. Check the route 53 DNS Registry
2021-04-02 16:39:40.468  INFO 20076 --- [Eureka-EvictionTimer] c.n.e.registry.AbstractInstanceRegistry  : Running the evict task with compensationTime 11ms
2021-04-02 16:40:40.482  INFO 20076 --- [Eureka-EvictionTimer] c.n.e.registry.AbstractInstanceRegistry  : Running the evict task with compensationTime 13ms
2021-04-02 16:41:40.495  INFO 20076 --- [Eureka-EvictionTimer] c.n.e.registry.AbstractInstanceRegistry  : Running the evict task with compensationTime 12ms
2021-04-02 16:42:40.499  INFO 20076 --- [Eureka-EvictionTimer] c.n.e.registry.AbstractInstanceRegistry  : Running the evict task with compensationTime 4ms
2021-04-02 16:43:40.501  INFO 20076 --- [Eureka-EvictionTimer] c.n.e.registry.AbstractInstanceRegistry  : Running the evict task with compensationTime 2ms
2021-04-02 16:44:40.512  INFO 20076 --- [Eureka-EvictionTimer] c.n.e.registry.AbstractInstanceRegistry  : Running the evict task with compensationTime 10ms
2021-04-02 16:45:40.522  INFO 20076 --- [Eureka-EvictionTimer] c.n.e.registry.AbstractInstanceRegistry  : Running the evict task with compensationTime 9ms
